=== walk_gen: seed_depth=3 chain_len=20 fill_passes=10 ===
Memory available: 28044 MB
Sized for available memory:
  max_chains: 634713 (2908 MB each array)
  max_nnz:    108898667 (2492 MB each array)
  TOTAL est:  22435 MB
Allocating hash table (1024 MB) and sites (2747 MB)...
  alloc rchains: 2907.9 MB (avail: 27044 MB)
  alloc lchains: 2907.9 MB (avail: 27044 MB)
  alloc sr_entries: 2492.5 MB (avail: 27044 MB)
  alloc sl_entries: 2492.5 MB (avail: 27044 MB)

--- Phase 1: BFS seed (depth 3) ---
Phase 1: BFS seed depth 3 -> 53 sites

--- Phase 2: Tracing chains (len 20) from 53 seed sites ---
Phase 2 done: 1920 sites, 25 R, 25 L chains

--- Phase 3: Fill passes (max 10) ---
Fill 0: +443L +442R, both=1424/1920 (74.2%)
Fill 1: +0L +0R, both=1424/1920 (74.2%)

--- Phase 4: Restrict to dual-covered sites ---
  alloc out_r: 2907.9 MB (avail: 27041 MB)
  alloc out_l: 2907.9 MB (avail: 27041 MB)

Restricted: 665 R, 666 L, 1424 dual sites

--- Phase 5: Build stitched shift operators ---
Building S_R...
  Loop: 1424 sites
S_R: 45568 nnz
Building S_L...
  Loop: 1424 sites
S_L: 45568 nnz
